<?xml version="1.0" encoding="UTF-8"?>
<!-- Generated by org.testng.reporters.JUnitXMLReporter -->
<testsuite ignored="0" hostname="Anaya" failures="0" tests="8" name="Surefire test" time="51.736" errors="0" timestamp="2026-04-21T13:50:10 BST">
  <testcase classname="tests.HousingTests" name="AfterUsingSearchSortingPossibilities" time="6.625"/>
  <testcase classname="tests.HousingTests" name="ByDefaultSortingPossibilities" time="5.03"/>
  <testcase classname="tests.HousingTests" name="SortingPrice" time="4.871"/>
  <testcase classname="tests.HousingTests" name="selectNewestTest" time="7.546"/>
  <testcase classname="tests.HousingTests" name="selectPriceHighToLowTest" time="4.956"/>
  <testcase classname="tests.HousingTests" name="selectPriceLowToHighTest" time="4.887"/>
  <testcase classname="tests.HousingTests" name="selectRelevancetTest" time="6.434"/>
  <testcase classname="tests.HousingTests" name="selectUpcomingtTest" time="4.731"/>
</testsuite> <!-- Surefire test -->
