<?xml version="1.0" encoding="UTF-8"?>
<!-- Generated by org.testng.reporters.JUnitXMLReporter -->
<testsuite ignored="0" hostname="Anaya" failures="0" tests="5" name="TestRebalance" time="0.526" errors="0" timestamp="2026-05-28T19:19:11 BST">
  <testcase classname="Rebalance.RebalancerTest" name="testIBMBuy" time="0.186"/>
  <testcase classname="Rebalance.RebalancerTest" name="testInvalidAsset" time="0.006"/>
  <testcase classname="Rebalance.RebalancerTest" name="testInvalidPrice" time="0.006"/>
  <testcase classname="Rebalance.RebalancerTest" name="testMSFTHold" time="0.005"/>
  <testcase classname="Rebalance.RebalancerTest" name="testORCLSell" time="0.004"/>
</testsuite> <!-- TestRebalance -->
