<?xml version="1.0" encoding="UTF-8"?>
<testsuite xmlns:xsi="http://www.w3.org/2001/XMLSchema-instance" xsi:noNamespaceSchemaLocation="https://maven.apache.org/surefire/maven-surefire-plugin/xsd/surefire-test-report-3.0.xsd" version="3.0" name="TestSuite" time="52.3" tests="8" errors="0" skipped="0" failures="0">
  <properties>
[...]
</properties>
  <testcase name="AfterUsingSearchSortingPossibilities" classname="tests.HousingTests" time="6.632">
    <system-err><![CDATA[SLF4J: Failed to load class "org.slf4j.impl.StaticLoggerBinder".
SLF4J: Defaulting to no-operation (NOP) logger implementation
SLF4J: See http://www.slf4j.org/codes.html#StaticLoggerBinder for further details.
]]></system-err>
  </testcase>
  <testcase name="ByDefaultSortingPossibilities" classname="tests.HousingTests" time="5.031"/>
  <testcase name="SortingPrice" classname="tests.HousingTests" time="4.881"/>
  <testcase name="selectNewestTest" classname="tests.HousingTests" time="7.547"/>
  <testcase name="selectPriceHighToLowTest" classname="tests.HousingTests" time="4.959"/>
  <testcase name="selectPriceLowToHighTest" classname="tests.HousingTests" time="4.887"/>
  <testcase name="selectRelevancetTest" classname="tests.HousingTests" time="6.434"/>
  <testcase name="selectUpcomingtTest" classname="tests.HousingTests" time="4.732"/>
</testsuite>