<?xml version="1.0" encoding="UTF-8"?>
<testng-results ignored="0" total="8" passed="8" failed="0" skipped="0">
  <reporter-output>
  </reporter-output>
  <suite started-at="2026-04-21T13:49:18 BST" name="Surefire suite" finished-at="2026-04-21T13:50:10 BST" duration-ms="51736">
    <groups>
    </groups>
    <test started-at="2026-04-21T13:49:18 BST" name="Surefire test" finished-at="2026-04-21T13:50:10 BST" duration-ms="51736">
      <class name="tests.HousingTests">
        <test-method is-config="true" signature="setup()[pri:0, instance:tests.HousingTests@7ea9e1e2]" started-at="2026-04-21T13:49:18 BST" name="setup" finished-at="2026-04-21T13:49:22 BST" duration-ms="4456" status="PASS">
          <reporter-output>
          </reporter-output>
        </test-method> <!-- setup -->
        <test-method is-config="true" signature="createPage()[pri:0, instance:tests.HousingTests@7ea9e1e2]" started-at="2026-04-21T13:49:22 BST" name="createPage" finished-at="2026-04-21T13:49:23 BST" duration-ms="412" status="PASS">
          <reporter-output>
          </reporter-output>
        </test-method> <!-- createPage -->
        <test-method signature="AfterUsingSearchSortingPossibilities()[pri:0, instance:tests.HousingTests@7ea9e1e2]" started-at="2026-04-21T13:49:23 BST" name="AfterUsingSearchSortingPossibilities" finished-at="2026-04-21T13:49:29 BST" duration-ms="6625" status="PASS">
          <reporter-output>
          </reporter-output>
        </test-method> <!-- AfterUsingSearchSortingPossibilities -->
        <test-method is-config="true" signature="createPage()[pri:0, instance:tests.HousingTests@7ea9e1e2]" started-at="2026-04-21T13:49:30 BST" name="createPage" finished-at="2026-04-21T13:49:30 BST" duration-ms="145" status="PASS">
          <reporter-output>
          </reporter-output>
        </test-method> <!-- createPage -->
        <test-method signature="ByDefaultSortingPossibilities()[pri:0, instance:tests.HousingTests@7ea9e1e2]" started-at="2026-04-21T13:49:30 BST" name="ByDefaultSortingPossibilities" finished-at="2026-04-21T13:49:35 BST" duration-ms="5030" status="PASS">
          <reporter-output>
          </reporter-output>
        </test-method> <!-- ByDefaultSortingPossibilities -->
        <test-method is-config="true" signature="createPage()[pri:0, instance:tests.HousingTests@7ea9e1e2]" started-at="2026-04-21T13:49:35 BST" name="createPage" finished-at="2026-04-21T13:49:35 BST" duration-ms="139" status="PASS">
          <reporter-output>
          </reporter-output>
        </test-method> <!-- createPage -->
        <test-method signature="SortingPrice()[pri:0, instance:tests.HousingTests@7ea9e1e2]" started-at="2026-04-21T13:49:35 BST" name="SortingPrice" finished-at="2026-04-21T13:49:40 BST" duration-ms="4871" status="PASS">
          <reporter-output>
          </reporter-output>
        </test-method> <!-- SortingPrice -->
        <test-method is-config="true" signature="createPage()[pri:0, instance:tests.HousingTests@7ea9e1e2]" started-at="2026-04-21T13:49:40 BST" name="createPage" finished-at="2026-04-21T13:49:40 BST" duration-ms="137" status="PASS">
          <reporter-output>
          </reporter-output>
        </test-method> <!-- createPage -->
        <test-method signature="selectNewestTest()[pri:0, instance:tests.HousingTests@7ea9e1e2]" started-at="2026-04-21T13:49:40 BST" name="selectNewestTest" finished-at="2026-04-21T13:49:47 BST" duration-ms="7546" status="PASS">
          <reporter-output>
          </reporter-output>
        </test-method> <!-- selectNewestTest -->
        <test-method is-config="true" signature="createPage()[pri:0, instance:tests.HousingTests@7ea9e1e2]" started-at="2026-04-21T13:49:47 BST" name="createPage" finished-at="2026-04-21T13:49:48 BST" duration-ms="120" status="PASS">
          <reporter-output>
          </reporter-output>
        </test-method> <!-- createPage -->
        <test-method signature="selectPriceHighToLowTest()[pri:0, instance:tests.HousingTests@7ea9e1e2]" started-at="2026-04-21T13:49:48 BST" name="selectPriceHighToLowTest" finished-at="2026-04-21T13:49:52 BST" duration-ms="4956" status="PASS">
          <reporter-output>
          </reporter-output>
        </test-method> <!-- selectPriceHighToLowTest -->
        <test-method is-config="true" signature="createPage()[pri:0, instance:tests.HousingTests@7ea9e1e2]" started-at="2026-04-21T13:49:52 BST" name="createPage" finished-at="2026-04-21T13:49:53 BST" duration-ms="131" status="PASS">
          <reporter-output>
          </reporter-output>
        </test-method> <!-- createPage -->
        <test-method signature="selectPriceLowToHighTest()[pri:0, instance:tests.HousingTests@7ea9e1e2]" started-at="2026-04-21T13:49:53 BST" name="selectPriceLowToHighTest" finished-at="2026-04-21T13:49:58 BST" duration-ms="4887" status="PASS">
          <reporter-output>
          </reporter-output>
        </test-method> <!-- selectPriceLowToHighTest -->
        <test-method is-config="true" signature="createPage()[pri:0, instance:tests.HousingTests@7ea9e1e2]" started-at="2026-04-21T13:49:58 BST" name="createPage" finished-at="2026-04-21T13:49:58 BST" duration-ms="126" status="PASS">
          <reporter-output>
          </reporter-output>
        </test-method> <!-- createPage -->
        <test-method signature="selectRelevancetTest()[pri:0, instance:tests.HousingTests@7ea9e1e2]" started-at="2026-04-21T13:49:58 BST" name="selectRelevancetTest" finished-at="2026-04-21T13:50:04 BST" duration-ms="6434" status="PASS">
          <reporter-output>
          </reporter-output>
        </test-method> <!-- selectRelevancetTest -->
        <test-method is-config="true" signature="createPage()[pri:0, instance:tests.HousingTests@7ea9e1e2]" started-at="2026-04-21T13:50:04 BST" name="createPage" finished-at="2026-04-21T13:50:04 BST" duration-ms="139" status="PASS">
          <reporter-output>
          </reporter-output>
        </test-method> <!-- createPage -->
        <test-method signature="selectUpcomingtTest()[pri:0, instance:tests.HousingTests@7ea9e1e2]" started-at="2026-04-21T13:50:04 BST" name="selectUpcomingtTest" finished-at="2026-04-21T13:50:09 BST" duration-ms="4731" status="PASS">
          <reporter-output>
          </reporter-output>
        </test-method> <!-- selectUpcomingtTest -->
        <test-method is-config="true" signature="tearDown()[pri:0, instance:tests.HousingTests@7ea9e1e2]" started-at="2026-04-21T13:50:09 BST" name="tearDown" finished-at="2026-04-21T13:50:10 BST" duration-ms="656" status="PASS">
          <reporter-output>
          </reporter-output>
        </test-method> <!-- tearDown -->
      </class> <!-- tests.HousingTests -->
    </test> <!-- Surefire test -->
  </suite> <!-- Surefire suite -->
</testng-results>
