<?xml version="1.0" encoding="UTF-8"?>
<testng-results ignored="0" total="5" passed="5" failed="0" skipped="0">
  <reporter-output>
  </reporter-output>
  <suite started-at="2026-05-28T19:20:17 BST" name="Default suite" finished-at="2026-05-28T19:20:18 BST" duration-ms="493">
    <groups>
    </groups>
    <test started-at="2026-05-28T19:20:17 BST" name="Default test" finished-at="2026-05-28T19:20:18 BST" duration-ms="493">
      <class name="Rebalance.RebalancerTest">
        <test-method signature="testIBMBuy()[pri:0, instance:Rebalance.RebalancerTest@700fb871]" started-at="2026-05-28T19:20:17 BST" name="testIBMBuy" finished-at="2026-05-28T19:20:18 BST" duration-ms="174" status="PASS">
          <reporter-output>
          </reporter-output>
        </test-method> <!-- testIBMBuy -->
        <test-method signature="testInvalidAsset()[pri:0, instance:Rebalance.RebalancerTest@700fb871]" started-at="2026-05-28T19:20:18 BST" name="testInvalidAsset" finished-at="2026-05-28T19:20:18 BST" duration-ms="4" status="PASS">
          <reporter-output>
          </reporter-output>
        </test-method> <!-- testInvalidAsset -->
        <test-method signature="testInvalidPrice()[pri:0, instance:Rebalance.RebalancerTest@700fb871]" started-at="2026-05-28T19:20:18 BST" name="testInvalidPrice" finished-at="2026-05-28T19:20:18 BST" duration-ms="5" status="PASS">
          <reporter-output>
          </reporter-output>
        </test-method> <!-- testInvalidPrice -->
        <test-method signature="testMSFTHold()[pri:0, instance:Rebalance.RebalancerTest@700fb871]" started-at="2026-05-28T19:20:18 BST" name="testMSFTHold" finished-at="2026-05-28T19:20:18 BST" duration-ms="5" status="PASS">
          <reporter-output>
          </reporter-output>
        </test-method> <!-- testMSFTHold -->
        <test-method signature="testORCLSell()[pri:0, instance:Rebalance.RebalancerTest@700fb871]" started-at="2026-05-28T19:20:18 BST" name="testORCLSell" finished-at="2026-05-28T19:20:18 BST" duration-ms="5" status="PASS">
          <reporter-output>
          </reporter-output>
        </test-method> <!-- testORCLSell -->
      </class> <!-- Rebalance.RebalancerTest -->
    </test> <!-- Default test -->
  </suite> <!-- Default suite -->
</testng-results>
