<?xml version="1.0" encoding="UTF-8"?>
<!-- Generated by org.testng.reporters.JUnitReportReporter -->
<testsuite hostname="Anaya" failures="0" tests="5" name="Rebalance.RebalancerTest" time="0.193" errors="0" timestamp="2026-05-28T19:20:18 BST" skipped="0">
  <testcase classname="Rebalance.RebalancerTest" name="testInvalidPrice" time="0.005"/>
  <testcase classname="Rebalance.RebalancerTest" name="testORCLSell" time="0.005"/>
  <testcase classname="Rebalance.RebalancerTest" name="testIBMBuy" time="0.174"/>
  <testcase classname="Rebalance.RebalancerTest" name="testInvalidAsset" time="0.004"/>
  <testcase classname="Rebalance.RebalancerTest" name="testMSFTHold" time="0.005"/>
</testsuite> <!-- Rebalance.RebalancerTest -->
