<?xml version="1.0" encoding="UTF-8"?>
<!-- Generated by org.testng.reporters.JUnitReportReporter -->
<testsuite hostname="Anaya" failures="0" tests="8" name="tests.HousingTests" time="46.429" errors="0" timestamp="2026-04-21T13:50:10 BST" skipped="0">
  <testcase classname="tests.HousingTests" name="selectRelevancetTest" time="6.573"/>
  <testcase classname="tests.HousingTests" name="AfterUsingSearchSortingPossibilities" time="6.745"/>
  <testcase classname="tests.HousingTests" name="selectNewestTest" time="7.677"/>
  <testcase classname="tests.HousingTests" name="SortingPrice" time="5.016"/>
  <testcase classname="tests.HousingTests" name="selectPriceHighToLowTest" time="5.368"/>
  <testcase classname="tests.HousingTests" name="selectUpcomingtTest" time="4.870"/>
  <testcase classname="tests.HousingTests" name="selectPriceLowToHighTest" time="5.013"/>
  <testcase classname="tests.HousingTests" name="ByDefaultSortingPossibilities" time="5.167"/>
</testsuite> <!-- tests.HousingTests -->
